2025-09-05 14:20:33,251 - INFO - Starting PetPoint automation - Log file: C:\Users\AdoptionsFosterMgr\Desktop\SPCAAutomation\__Load Files Go Here__\AutomationLog\petpoint_automation_20250905_142033.log
2025-09-05 14:20:33,958 - INFO - Navigating to PetPoint login...
2025-09-05 14:20:35,942 - INFO - Logging in...
2025-09-05 14:20:43,572 - INFO - Login completed, looking for Reports dropdown...
2025-09-05 14:20:43,604 - INFO - Found Reports dropdown
2025-09-05 14:20:44,146 - INFO - Hovered over Reports dropdown
2025-09-05 14:20:44,161 - INFO - Report Website option appeared in dropdown
2025-09-05 14:20:46,241 - INFO - Report Website opened successfully
2025-09-05 14:20:46,241 - INFO - === EXPORTING ANIMAL INVENTORY ===
2025-09-05 14:20:46,810 - INFO - Clicked Animal link
2025-09-05 14:20:47,448 - INFO - Clicked Animal Inventory
2025-09-05 14:20:48,568 - INFO - Selected Detail option
2025-09-05 14:20:52,475 - INFO - Report generated, looking for export options...
2025-09-05 14:20:53,037 - INFO - Clicked export button
2025-09-05 14:20:53,671 - INFO - === EXPORTING STAGE REVIEW ===
2025-09-05 14:20:55,026 - INFO - Navigated back to reports page
2025-09-05 14:20:55,597 - INFO - Clicked Animal link for Stage Review
2025-09-05 14:20:56,203 - INFO - Clicked Stage: Review
2025-09-05 14:20:57,319 - INFO - Selected Detail option for Stage Review
2025-09-05 14:20:57,936 - INFO - Stage Review popup opened
2025-09-05 14:21:21,349 - INFO - Clicked export button for Stage Review
2025-09-05 14:21:21,905 - INFO - === EXPORTING FOSTER CURRENT ===
2025-09-05 14:21:23,214 - INFO - Navigated back to reports page for Foster Current
2025-09-05 14:21:23,765 - INFO - Clicked Care link
2025-09-05 14:21:24,368 - INFO - Clicked Foster: Current
2025-09-05 14:21:25,511 - INFO - Selected Detail option for Foster Current
2025-09-05 14:21:26,082 - INFO - Foster Current popup opened
2025-09-05 14:21:29,735 - INFO - Clicked J K link
2025-09-05 14:21:30,287 - INFO - Clicked export button for Foster Current
2025-09-05 14:21:30,873 - INFO - Files saved to: __Load Files Go Here__
2025-09-05 14:21:30,875 - INFO - Adding __Load Files Go Here__ folder to Git...
2025-09-05 14:21:31,010 - INFO - Committing our changes...
2025-09-05 14:21:31,115 - INFO - Pushing to remote repository...
2025-09-05 14:21:32,711 - INFO - Automation completed
