2025-09-03 16:54:41,977 - INFO - Starting PetPoint automation - Log file: C:\Users\AdoptionsFosterMgr\Desktop\SPCAAutomation\__Load Files Go Here__\AutomationLog\petpoint_automation_20250903_165441.log
2025-09-03 16:54:42,115 - INFO - Navigating to PetPoint login...
2025-09-03 16:54:44,169 - INFO - Logging in...
2025-09-03 16:54:51,470 - INFO - Login completed, looking for Reports dropdown...
2025-09-03 16:54:51,489 - INFO - Found Reports dropdown
2025-09-03 16:54:52,039 - INFO - Hovered over Reports dropdown
2025-09-03 16:54:52,048 - INFO - Report Website option appeared in dropdown
2025-09-03 16:54:54,389 - INFO - Report Website opened successfully
2025-09-03 16:54:54,389 - INFO - === EXPORTING ANIMAL INVENTORY ===
2025-09-03 16:54:54,950 - INFO - Clicked Animal link
2025-09-03 16:54:55,868 - INFO - Clicked Animal Inventory
2025-09-03 16:54:57,060 - INFO - Selected Detail option
2025-09-03 16:55:03,022 - INFO - Report generated, looking for export options...
2025-09-03 16:55:03,583 - INFO - Clicked export button
2025-09-03 16:55:04,175 - INFO - === EXPORTING STAGE REVIEW ===
2025-09-03 16:55:05,484 - INFO - Navigated back to reports page
2025-09-03 16:55:06,035 - INFO - Clicked Animal link for Stage Review
2025-09-03 16:55:06,651 - INFO - Clicked Stage: Review
2025-09-03 16:55:07,764 - INFO - Selected Detail option for Stage Review
2025-09-03 16:55:08,312 - INFO - Stage Review popup opened
2025-09-03 16:55:26,749 - INFO - Clicked export button for Stage Review
2025-09-03 16:55:27,317 - INFO - === EXPORTING FOSTER CURRENT ===
2025-09-03 16:55:28,583 - INFO - Navigated back to reports page for Foster Current
2025-09-03 16:55:29,149 - INFO - Clicked Care link
2025-09-03 16:55:29,747 - INFO - Clicked Foster: Current
2025-09-03 16:55:30,832 - INFO - Selected Detail option for Foster Current
2025-09-03 16:55:31,383 - INFO - Foster Current popup opened
2025-09-03 16:55:35,599 - INFO - Clicked J K link
2025-09-03 16:55:36,149 - INFO - Clicked export button for Foster Current
2025-09-03 16:55:36,733 - INFO - Files saved to: __Load Files Go Here__
2025-09-03 16:55:36,734 - INFO - Stashing any unstaged changes...
2025-09-03 16:55:36,907 - INFO - Pulling latest changes...
2025-09-03 16:55:37,279 - INFO - Adding __Load Files Go Here__ folder to Git...
2025-09-03 16:55:37,456 - INFO - Automation completed
