2025-09-05 09:55:03,187 - INFO - Starting PetPoint automation - Log file: C:\Users\AdoptionsFosterMgr\Desktop\SPCAAutomation\__Load Files Go Here__\AutomationLog\petpoint_automation_20250905_095503.log
2025-09-05 09:55:03,724 - INFO - Navigating to PetPoint login...
2025-09-05 09:55:05,763 - INFO - Logging in...
2025-09-05 09:55:13,360 - INFO - Login completed, looking for Reports dropdown...
2025-09-05 09:55:13,381 - INFO - Found Reports dropdown
2025-09-05 09:55:13,939 - INFO - Hovered over Reports dropdown
2025-09-05 09:55:13,954 - INFO - Report Website option appeared in dropdown
2025-09-05 09:55:16,024 - INFO - Report Website opened successfully
2025-09-05 09:55:16,028 - INFO - === EXPORTING ANIMAL INVENTORY ===
2025-09-05 09:55:16,589 - INFO - Clicked Animal link
2025-09-05 09:55:17,199 - INFO - Clicked Animal Inventory
2025-09-05 09:55:18,306 - INFO - Selected Detail option
2025-09-05 09:55:23,843 - INFO - Report generated, looking for export options...
2025-09-05 09:55:24,404 - INFO - Clicked export button
2025-09-05 09:55:25,002 - INFO - === EXPORTING STAGE REVIEW ===
2025-09-05 09:55:26,320 - INFO - Navigated back to reports page
2025-09-05 09:55:26,869 - INFO - Clicked Animal link for Stage Review
2025-09-05 09:55:27,447 - INFO - Clicked Stage: Review
2025-09-05 09:55:28,534 - INFO - Selected Detail option for Stage Review
2025-09-05 09:55:29,071 - INFO - Stage Review popup opened
2025-09-05 09:55:53,535 - INFO - Clicked export button for Stage Review
2025-09-05 09:55:54,083 - INFO - === EXPORTING FOSTER CURRENT ===
2025-09-05 09:55:55,351 - INFO - Navigated back to reports page for Foster Current
2025-09-05 09:55:55,900 - INFO - Clicked Care link
2025-09-05 09:55:56,483 - INFO - Clicked Foster: Current
2025-09-05 09:55:57,887 - INFO - Selected Detail option for Foster Current
2025-09-05 09:55:58,421 - INFO - Foster Current popup opened
2025-09-05 09:56:01,984 - INFO - Clicked J K link
2025-09-05 09:56:02,519 - INFO - Clicked export button for Foster Current
2025-09-05 09:56:03,091 - INFO - Files saved to: __Load Files Go Here__
2025-09-05 09:56:03,093 - INFO - Adding __Load Files Go Here__ folder to Git...
2025-09-05 09:56:03,274 - INFO - Committing our changes...
2025-09-05 09:56:03,397 - INFO - Pushing to remote repository...
2025-09-05 09:56:04,876 - INFO - Automation completed
