2025-09-04 16:55:01,425 - INFO - Starting PetPoint automation - Log file: C:\Users\AdoptionsFosterMgr\Desktop\SPCAAutomation\__Load Files Go Here__\AutomationLog\petpoint_automation_20250904_165501.log
2025-09-04 16:55:01,956 - INFO - Navigating to PetPoint login...
2025-09-04 16:55:04,111 - INFO - Logging in...
2025-09-04 16:55:10,316 - INFO - Login completed, looking for Reports dropdown...
2025-09-04 16:55:10,360 - INFO - Found Reports dropdown
2025-09-04 16:55:10,912 - INFO - Hovered over Reports dropdown
2025-09-04 16:55:10,932 - INFO - Report Website option appeared in dropdown
2025-09-04 16:55:13,517 - INFO - Report Website opened successfully
2025-09-04 16:55:13,518 - INFO - === EXPORTING ANIMAL INVENTORY ===
2025-09-04 16:55:14,086 - INFO - Clicked Animal link
2025-09-04 16:55:14,729 - INFO - Clicked Animal Inventory
2025-09-04 16:55:16,143 - INFO - Selected Detail option
2025-09-04 16:55:20,015 - INFO - Report generated, looking for export options...
2025-09-04 16:55:20,595 - INFO - Clicked export button
2025-09-04 16:55:21,161 - INFO - === EXPORTING STAGE REVIEW ===
2025-09-04 16:55:22,561 - INFO - Navigated back to reports page
2025-09-04 16:55:23,111 - INFO - Clicked Animal link for Stage Review
2025-09-04 16:55:23,794 - INFO - Clicked Stage: Review
2025-09-04 16:55:24,911 - INFO - Selected Detail option for Stage Review
2025-09-04 16:55:25,464 - INFO - Stage Review popup opened
2025-09-04 16:55:50,559 - INFO - Clicked export button for Stage Review
2025-09-04 16:55:51,127 - INFO - === EXPORTING FOSTER CURRENT ===
2025-09-04 16:55:52,377 - INFO - Navigated back to reports page for Foster Current
2025-09-04 16:55:52,941 - INFO - Clicked Care link
2025-09-04 16:55:53,522 - INFO - Clicked Foster: Current
2025-09-04 16:55:55,473 - INFO - Selected Detail option for Foster Current
2025-09-04 16:55:56,008 - INFO - Foster Current popup opened
2025-09-04 16:56:00,224 - INFO - Clicked J K link
2025-09-04 16:56:00,771 - INFO - Clicked export button for Foster Current
2025-09-04 16:56:01,341 - INFO - Files saved to: __Load Files Go Here__
2025-09-04 16:56:01,342 - INFO - Adding __Load Files Go Here__ folder to Git...
2025-09-04 16:56:01,477 - INFO - Committing our changes...
2025-09-04 16:56:01,592 - INFO - Pushing to remote repository...
2025-09-04 16:56:03,033 - INFO - Automation completed
