2025-09-03 17:09:42,014 - INFO - Starting PetPoint automation - Log file: C:\Users\AdoptionsFosterMgr\Desktop\SPCAAutomation\__Load Files Go Here__\AutomationLog\petpoint_automation_20250903_170942.log
2025-09-03 17:09:42,703 - INFO - Navigating to PetPoint login...
2025-09-03 17:09:44,524 - INFO - Logging in...
2025-09-03 17:09:51,573 - INFO - Login completed, looking for Reports dropdown...
2025-09-03 17:09:51,598 - INFO - Found Reports dropdown
2025-09-03 17:09:52,150 - INFO - Hovered over Reports dropdown
2025-09-03 17:09:52,168 - INFO - Report Website option appeared in dropdown
2025-09-03 17:09:54,339 - INFO - Report Website opened successfully
2025-09-03 17:09:54,340 - INFO - === EXPORTING ANIMAL INVENTORY ===
2025-09-03 17:09:54,917 - INFO - Clicked Animal link
2025-09-03 17:09:55,537 - INFO - Clicked Animal Inventory
2025-09-03 17:09:56,651 - INFO - Selected Detail option
2025-09-03 17:10:01,719 - INFO - Report generated, looking for export options...
2025-09-03 17:10:02,300 - INFO - Clicked export button
2025-09-03 17:10:02,896 - INFO - === EXPORTING STAGE REVIEW ===
2025-09-03 17:10:04,287 - INFO - Navigated back to reports page
2025-09-03 17:10:04,848 - INFO - Clicked Animal link for Stage Review
2025-09-03 17:10:05,448 - INFO - Clicked Stage: Review
2025-09-03 17:10:06,549 - INFO - Selected Detail option for Stage Review
2025-09-03 17:10:07,100 - INFO - Stage Review popup opened
2025-09-03 17:10:22,881 - INFO - Clicked export button for Stage Review
2025-09-03 17:10:23,454 - INFO - === EXPORTING FOSTER CURRENT ===
2025-09-03 17:10:24,801 - INFO - Navigated back to reports page for Foster Current
2025-09-03 17:10:25,366 - INFO - Clicked Care link
2025-09-03 17:10:25,947 - INFO - Clicked Foster: Current
2025-09-03 17:10:28,428 - INFO - Selected Detail option for Foster Current
2025-09-03 17:10:28,963 - INFO - Foster Current popup opened
2025-09-03 17:10:33,147 - INFO - Clicked J K link
2025-09-03 17:10:33,696 - INFO - Clicked export button for Foster Current
2025-09-03 17:10:34,262 - INFO - Files saved to: __Load Files Go Here__
2025-09-03 17:10:34,263 - INFO - Stashing any unstaged changes...
2025-09-03 17:10:34,444 - INFO - Pulling latest changes...
2025-09-03 17:10:34,818 - INFO - Adding __Load Files Go Here__ folder to Git...
2025-09-03 17:10:34,989 - INFO - Automation completed
