2025-09-03 20:24:41,091 - INFO - Starting PetPoint automation - Log file: C:\Users\AdoptionsFosterMgr\Desktop\SPCAAutomation\__Load Files Go Here__\AutomationLog\petpoint_automation_20250903_202441.log
2025-09-03 20:24:41,221 - INFO - Navigating to PetPoint login...
2025-09-03 20:24:43,228 - INFO - Logging in...
2025-09-03 20:24:50,164 - INFO - Login completed, looking for Reports dropdown...
2025-09-03 20:24:50,185 - INFO - Found Reports dropdown
2025-09-03 20:24:50,731 - INFO - Hovered over Reports dropdown
2025-09-03 20:24:50,750 - INFO - Report Website option appeared in dropdown
2025-09-03 20:24:52,775 - INFO - Report Website opened successfully
2025-09-03 20:24:52,776 - INFO - === EXPORTING ANIMAL INVENTORY ===
2025-09-03 20:24:53,333 - INFO - Clicked Animal link
2025-09-03 20:24:53,980 - INFO - Clicked Animal Inventory
2025-09-03 20:24:55,066 - INFO - Selected Detail option
2025-09-03 20:25:00,337 - INFO - Report generated, looking for export options...
2025-09-03 20:25:00,899 - INFO - Clicked export button
2025-09-03 20:25:01,487 - INFO - === EXPORTING STAGE REVIEW ===
2025-09-03 20:25:02,747 - INFO - Navigated back to reports page
2025-09-03 20:25:03,309 - INFO - Clicked Animal link for Stage Review
2025-09-03 20:25:03,900 - INFO - Clicked Stage: Review
2025-09-03 20:25:05,031 - INFO - Selected Detail option for Stage Review
2025-09-03 20:25:05,579 - INFO - Stage Review popup opened
2025-09-03 20:25:20,892 - INFO - Clicked export button for Stage Review
2025-09-03 20:25:21,447 - INFO - === EXPORTING FOSTER CURRENT ===
2025-09-03 20:25:22,710 - INFO - Navigated back to reports page for Foster Current
2025-09-03 20:25:23,273 - INFO - Clicked Care link
2025-09-03 20:25:23,888 - INFO - Clicked Foster: Current
2025-09-03 20:25:25,000 - INFO - Selected Detail option for Foster Current
2025-09-03 20:25:25,544 - INFO - Foster Current popup opened
2025-09-03 20:25:28,675 - INFO - Clicked J K link
2025-09-03 20:25:29,208 - INFO - Clicked export button for Foster Current
2025-09-03 20:25:29,796 - INFO - Files saved to: __Load Files Go Here__
2025-09-03 20:25:29,797 - INFO - Stashing any unstaged changes...
2025-09-03 20:25:29,981 - INFO - Pulling latest changes...
2025-09-03 20:25:30,348 - INFO - Adding __Load Files Go Here__ folder to Git...
2025-09-03 20:25:30,452 - INFO - Committing our changes...
2025-09-03 20:25:30,558 - INFO - Pushing to remote repository...
2025-09-03 20:25:31,664 - INFO - Automation completed
