2025-09-05 08:55:03,219 - INFO - Starting PetPoint automation - Log file: C:\Users\AdoptionsFosterMgr\Desktop\SPCAAutomation\__Load Files Go Here__\AutomationLog\petpoint_automation_20250905_085503.log
2025-09-05 08:55:03,776 - INFO - Navigating to PetPoint login...
2025-09-05 08:55:05,707 - INFO - Logging in...
2025-09-05 08:55:12,009 - INFO - Login completed, looking for Reports dropdown...
2025-09-05 08:55:12,053 - INFO - Found Reports dropdown
2025-09-05 08:55:12,612 - INFO - Hovered over Reports dropdown
2025-09-05 08:55:12,628 - INFO - Report Website option appeared in dropdown
2025-09-05 08:55:18,419 - INFO - Report Website opened successfully
2025-09-05 08:55:18,420 - INFO - === EXPORTING ANIMAL INVENTORY ===
2025-09-05 08:55:19,000 - INFO - Clicked Animal link
2025-09-05 08:55:19,624 - INFO - Clicked Animal Inventory
2025-09-05 08:55:20,742 - INFO - Selected Detail option
2025-09-05 08:55:25,114 - INFO - Report generated, looking for export options...
2025-09-05 08:55:25,683 - INFO - Clicked export button
2025-09-05 08:55:26,262 - INFO - === EXPORTING STAGE REVIEW ===
2025-09-05 08:55:27,586 - INFO - Navigated back to reports page
2025-09-05 08:55:28,145 - INFO - Clicked Animal link for Stage Review
2025-09-05 08:55:28,774 - INFO - Clicked Stage: Review
2025-09-05 08:55:29,863 - INFO - Selected Detail option for Stage Review
2025-09-05 08:55:30,405 - INFO - Stage Review popup opened
2025-09-05 08:55:51,917 - INFO - Clicked export button for Stage Review
2025-09-05 08:55:52,505 - INFO - === EXPORTING FOSTER CURRENT ===
2025-09-05 08:55:53,781 - INFO - Navigated back to reports page for Foster Current
2025-09-05 08:55:54,344 - INFO - Clicked Care link
2025-09-05 08:55:54,946 - INFO - Clicked Foster: Current
2025-09-05 08:55:56,888 - INFO - Selected Detail option for Foster Current
2025-09-05 08:55:57,418 - INFO - Foster Current popup opened
2025-09-05 08:56:00,502 - INFO - Clicked J K link
2025-09-05 08:56:01,054 - INFO - Clicked export button for Foster Current
2025-09-05 08:56:01,639 - INFO - Files saved to: __Load Files Go Here__
2025-09-05 08:56:01,641 - INFO - Adding __Load Files Go Here__ folder to Git...
2025-09-05 08:56:01,785 - INFO - Committing our changes...
2025-09-05 08:56:01,900 - INFO - Pushing to remote repository...
2025-09-05 08:56:03,248 - INFO - Automation completed
