2025-09-05 08:26:24,193 - INFO - Starting PetPoint automation - Log file: C:\Users\AdoptionsFosterMgr\Desktop\SPCAAutomation\__Load Files Go Here__\AutomationLog\petpoint_automation_20250905_082624.log
2025-09-05 08:26:25,360 - INFO - Navigating to PetPoint login...
2025-09-05 08:26:27,321 - INFO - Logging in...
2025-09-05 08:26:34,683 - INFO - Login completed, looking for Reports dropdown...
2025-09-05 08:26:34,710 - INFO - Found Reports dropdown
2025-09-05 08:26:35,249 - INFO - Hovered over Reports dropdown
2025-09-05 08:26:35,266 - INFO - Report Website option appeared in dropdown
2025-09-05 08:26:37,369 - INFO - Report Website opened successfully
2025-09-05 08:26:37,370 - INFO - === EXPORTING ANIMAL INVENTORY ===
2025-09-05 08:26:37,949 - INFO - Clicked Animal link
2025-09-05 08:26:38,591 - INFO - Clicked Animal Inventory
2025-09-05 08:26:39,713 - INFO - Selected Detail option
2025-09-05 08:26:43,616 - INFO - Report generated, looking for export options...
2025-09-05 08:26:44,179 - INFO - Clicked export button
2025-09-05 08:26:44,784 - INFO - === EXPORTING STAGE REVIEW ===
2025-09-05 08:26:46,018 - INFO - Navigated back to reports page
2025-09-05 08:26:46,596 - INFO - Clicked Animal link for Stage Review
2025-09-05 08:26:47,189 - INFO - Clicked Stage: Review
2025-09-05 08:26:48,496 - INFO - Selected Detail option for Stage Review
2025-09-05 08:26:49,046 - INFO - Stage Review popup opened
2025-09-05 08:27:03,812 - INFO - Clicked export button for Stage Review
2025-09-05 08:27:04,383 - INFO - === EXPORTING FOSTER CURRENT ===
2025-09-05 08:27:05,615 - INFO - Navigated back to reports page for Foster Current
2025-09-05 08:27:06,177 - INFO - Clicked Care link
2025-09-05 08:27:06,778 - INFO - Clicked Foster: Current
2025-09-05 08:27:08,161 - INFO - Selected Detail option for Foster Current
2025-09-05 08:27:08,696 - INFO - Foster Current popup opened
2025-09-05 08:27:11,811 - INFO - Clicked J K link
2025-09-05 08:27:12,361 - INFO - Clicked export button for Foster Current
2025-09-05 08:27:12,940 - INFO - Files saved to: __Load Files Go Here__
2025-09-05 08:27:12,941 - INFO - Adding __Load Files Go Here__ folder to Git...
2025-09-05 08:27:13,074 - INFO - Committing our changes...
2025-09-05 08:27:13,184 - INFO - Pushing to remote repository...
2025-09-05 08:27:14,612 - INFO - Automation completed
